[    0.000000] Initializing cgroup subsys cpuset
[    0.000000] Initializing cgroup subsys cpu
[    0.000000] Initializing cgroup subsys cpuacct
[    0.000000] Linux version 4.4.0-166-generic (buildd@lcy01-amd64-020) (gcc version 5.4.0 20160609 (Ubuntu 5.4.0-6ubuntu1~16.04.10) ) #195-Ubuntu SMP Tue Oct 1 09:35:25 UTC 2019 (Ubuntu 4.4.0-166.195-generic 4.4.194)
[    0.000000] Command line: BOOT_IMAGE=/boot/vmlinuz-4.4.0-166-generic root=LABEL=cloudimg-rootfs ro console=tty1 console=ttyS0
[    0.000000] KERNEL supported cpus:
[    0.000000]   Intel GenuineIntel
[    0.000000]   AMD AuthenticAMD
[    0.000000]   Centaur CentaurHauls
[    0.000000] x86/fpu: xstate_offset[2]:  576, xstate_sizes[2]:  256
[    0.000000] x86/fpu: Supporting XSAVE feature 0x01: 'x87 floating point registers'
[    0.000000] x86/fpu: Supporting XSAVE feature 0x02: 'SSE registers'
[    0.000000] x86/fpu: Supporting XSAVE feature 0x04: 'AVX registers'
[    0.000000] x86/fpu: Enabled xstate features 0x7, context size is 832 bytes, using 'standard' format.
[    0.000000] e820: BIOS-provided physical RAM map:
[    0.000000] BIOS-e820: [mem 0x0000000000000000-0x000000000009fbff] usable
[    0.000000] BIOS-e820: [mem 0x000000000009fc00-0x000000000009ffff] reserved
[    0.000000] BIOS-e820: [mem 0x00000000000f0000-0x00000000000fffff] reserved
[    0.000000] BIOS-e820: [mem 0x0000000000100000-0x000000005ffeffff] usable
[    0.000000] BIOS-e820: [mem 0x000000005fff0000-0x000000005fffffff] ACPI data
[    0.000000] BIOS-e820: [mem 0x00000000fec00000-0x00000000fec00fff] reserved
[    0.000000] BIOS-e820: [mem 0x00000000fee00000-0x00000000fee00fff] reserved
[    0.000000] BIOS-e820: [mem 0x00000000fffc0000-0x00000000ffffffff] reserved
[    0.000000] NX (Execute Disable) protection: active
[    0.000000] SMBIOS 2.5 present.
[    0.000000] Hypervisor detected: KVM
[    0.000000] e820: last_pfn = 0x5fff0 max_arch_pfn = 0x400000000
[    0.000000] MTRR: Disabled
[    0.000000] x86/PAT: MTRRs disabled, skipping PAT initialization too.
[    0.000000] CPU MTRRs all blank - virtualized system.
[    0.000000] x86/PAT: Configuration [0-7]: WB  WT  UC- UC  WB  WT  UC- UC  
[    0.000000] found SMP MP-table at [mem 0x0009fff0-0x0009ffff] mapped at [ffff88000009fff0]
[    0.000000] Scanning 1 areas for low memory corruption
[    0.000000] RAMDISK: [mem 0x362f6000-0x37172fff]
[    0.000000] ACPI: Early table checksum verification disabled
[    0.000000] ACPI: RSDP 0x00000000000E0000 000024 (v02 VBOX  )
[    0.000000] ACPI: XSDT 0x000000005FFF0030 00003C (v01 VBOX   VBOXXSDT 00000001 ASL  00000061)
[    0.000000] ACPI: FACP 0x000000005FFF00F0 0000F4 (v04 VBOX   VBOXFACP 00000001 ASL  00000061)
[    0.000000] ACPI: DSDT 0x000000005FFF0470 0022EA (v02 VBOX   VBOXBIOS 00000002 INTL 20100528)
[    0.000000] ACPI: FACS 0x000000005FFF0200 000040
[    0.000000] ACPI: FACS 0x000000005FFF0200 000040
[    0.000000] ACPI: APIC 0x000000005FFF0240 00005C (v02 VBOX   VBOXAPIC 00000001 ASL  00000061)
[    0.000000] ACPI: SSDT 0x000000005FFF02A0 0001CC (v01 VBOX   VBOXCPUT 00000002 INTL 20100528)
[    0.000000] No NUMA configuration found
[    0.000000] Faking a node at [mem 0x0000000000000000-0x000000005ffeffff]
[    0.000000] NODE_DATA(0) allocated [mem 0x5ffeb000-0x5ffeffff]
[    0.000000] kvm-clock: Using msrs 4b564d01 and 4b564d00
[    0.000000] kvm-clock: cpu 0, msr 0:5ffe3001, primary cpu clock
[    0.000000] kvm-clock: using sched offset of 3369272792 cycles
[    0.000000] clocksource: kvm-clock: mask: 0xffffffffffffffff max_cycles: 0x1cd42e4dffb, max_idle_ns: 881590591483 ns
[    0.000000] Zone ranges:
[    0.000000]   DMA      [mem 0x0000000000001000-0x0000000000ffffff]
[    0.000000]   DMA32    [mem 0x0000000001000000-0x000000005ffeffff]
[    0.000000]   Normal   empty
[    0.000000]   Device   empty
[    0.000000] Movable zone start for each node
[    0.000000] Early memory node ranges
[    0.000000]   node   0: [mem 0x0000000000001000-0x000000000009efff]
[    0.000000]   node   0: [mem 0x0000000000100000-0x000000005ffeffff]
[    0.000000] Initmem setup node 0 [mem 0x0000000000001000-0x000000005ffeffff]
[    0.000000] ACPI: PM-Timer IO Port: 0x4008
[    0.000000] IOAPIC[0]: apic_id 2, version 32, address 0xfec00000, GSI 0-23
[    0.000000] ACPI: INT_SRC_OVR (bus 0 bus_irq 0 global_irq 2 dfl dfl)
[    0.000000] ACPI: INT_SRC_OVR (bus 0 bus_irq 9 global_irq 9 low level)
[    0.000000] Using ACPI (MADT) for SMP configuration information
[    0.000000] smpboot: Allowing 2 CPUs, 0 hotplug CPUs
[    0.000000] PM: Registered nosave memory: [mem 0x00000000-0x00000fff]
[    0.000000] PM: Registered nosave memory: [mem 0x0009f000-0x0009ffff]
[    0.000000] PM: Registered nosave memory: [mem 0x000a0000-0x000effff]
[    0.000000] PM: Registered nosave memory: [mem 0x000f0000-0x000fffff]
[    0.000000] e820: [mem 0x60000000-0xfebfffff] available for PCI devices
[    0.000000] Booting paravirtualized kernel on KVM
[    0.000000] clocksource: refined-jiffies: mask: 0xffffffff max_cycles: 0xffffffff, max_idle_ns: 7645519600211568 ns
[    0.000000] setup_percpu: NR_CPUS:512 nr_cpumask_bits:512 nr_cpu_ids:2 nr_node_ids:1
[    0.000000] PERCPU: Embedded 34 pages/cpu @ffff88005fc00000 s99544 r8192 d31528 u1048576
[    0.000000] Built 1 zonelists in Node order, mobility grouping on.  Total pages: 386936
[    0.000000] Policy zone: DMA32
[    0.000000] Kernel command line: BOOT_IMAGE=/boot/vmlinuz-4.4.0-166-generic root=LABEL=cloudimg-rootfs ro console=tty1 console=ttyS0
[    0.000000] PID hash table entries: 4096 (order: 3, 32768 bytes)
[    0.000000] Memory: 1513808K/1572408K available (8623K kernel code, 1336K rwdata, 4036K rodata, 1488K init, 1288K bss, 58600K reserved, 0K cma-reserved)
[    0.000000] SLUB: HWalign=64, Order=0-3, MinObjects=0, CPUs=2, Nodes=1
[    0.000000] Kernel/User page tables isolation: enabled
[    0.000000] Hierarchical RCU implementation.
[    0.000000] 	Build-time adjustment of leaf fanout to 64.
[    0.000000] 	RCU restricting CPUs from NR_CPUS=512 to nr_cpu_ids=2.
[    0.000000] RCU: Adjusting geometry for rcu_fanout_leaf=64, nr_cpu_ids=2
[    0.000000] NR_IRQS:33024 nr_irqs:440 16
[    0.000000] Console: colour VGA+ 80x25
[    0.000000] console [tty1] enabled
[    0.000000] console [ttyS0] enabled
[    0.000000] tsc: Detected 1391.999 MHz processor
[    0.160931] Calibrating delay loop (skipped) preset value.. 2783.99 BogoMIPS (lpj=5567996)
[    0.162813] pid_max: default: 32768 minimum: 301
[    0.163841] ACPI: Core revision 20150930
[    0.165531] ACPI: 2 ACPI AML tables successfully acquired and loaded
[    0.166980] Security Framework initialized
[    0.167938] Yama: becoming mindful.
[    0.168773] AppArmor: AppArmor initialized
[    0.171153] Dentry cache hash table entries: 262144 (order: 9, 2097152 bytes)
[    0.172927] Inode-cache hash table entries: 131072 (order: 8, 1048576 bytes)
[    0.175800] Mount-cache hash table entries: 4096 (order: 3, 32768 bytes)
[    0.177572] Mountpoint-cache hash table entries: 4096 (order: 3, 32768 bytes)
[    0.179221] Initializing cgroup subsys io
[    0.180184] Initializing cgroup subsys memory
[    0.181168] Initializing cgroup subsys devices
[    0.182163] Initializing cgroup subsys freezer
[    0.183155] Initializing cgroup subsys net_cls
[    0.184176] Initializing cgroup subsys perf_event
[    0.185216] Initializing cgroup subsys net_prio
[    0.186228] Initializing cgroup subsys hugetlb
[    0.187225] Initializing cgroup subsys pids
[    0.189841] mce: CPU supports 0 MCE banks
[    0.190781] Last level iTLB entries: 4KB 64, 2MB 8, 4MB 8
[    0.191976] Last level dTLB entries: 4KB 64, 2MB 0, 4MB 0, 1GB 4
[    0.193252] Spectre V1 : Mitigation: usercopy/swapgs barriers and __user pointer sanitization
[    0.195131] Spectre V2 : Mitigation: Full generic retpoline
[    0.196373] Spectre V2 : Spectre v2 / SpectreRSB mitigation: Filling RSB on context switch
[    0.198204] Speculative Store Bypass: Vulnerable
[    0.199292] MDS: Mitigation: Clear CPU buffers
[    0.202595] Freeing SMP alternatives memory: 36K
[    0.208814] ftrace: allocating 32296 entries in 127 pages
[    0.260665] smpboot: APIC(0) Converting physical 0 to logical package 0
[    0.262216] smpboot: Max logical packages: 1
[    0.263391] x2apic enabled
[    0.264285] Switched APIC routing to physical x2apic.
[    0.266319] ..TIMER: vector=0x30 apic1=0 pin1=2 apic2=-1 pin2=-1
[    0.375752] smpboot: CPU0: Intel(R) Core(TM) i5-8257U CPU @ 1.40GHz (family: 0x6, model: 0x8e, stepping: 0xa)
[    0.379236] Performance Events: unsupported p6 CPU model 142 no PMU driver, software events only.
[    0.391005] KVM setup paravirtual spinlock
[    0.394386] x86: Booting SMP configuration:
[    0.396088] .... node  #0, CPUs:      #1
[    0.397134] kvm-clock: cpu 1, msr 0:5ffe3041, secondary cpu clock
[    0.399815] mce: CPU supports 0 MCE banks
[    0.402506] x86: Booted up 1 node, 2 CPUs
[    0.403593] smpboot: Total of 2 processors activated (5567.99 BogoMIPS)
[    0.405384] devtmpfs: initialized
[    0.407863] evm: security.selinux
[    0.408734] evm: security.SMACK64
[    0.409525] evm: security.SMACK64EXEC
[    0.410411] evm: security.SMACK64TRANSMUTE
[    0.411626] evm: security.SMACK64MMAP
[    0.413021] evm: security.ima
[    0.413758] evm: security.capability
[    0.414864] clocksource: jiffies: mask: 0xffffffff max_cycles: 0xffffffff, max_idle_ns: 7645041785100000 ns
[    0.417628] futex hash table entries: 512 (order: 3, 32768 bytes)
[    0.419188] pinctrl core: initialized pinctrl subsystem
[    0.420561] RTC time: 22:19:16, date: 11/01/19
[    0.421707] NET: Registered protocol family 16
[    0.432408] cpuidle: using governor ladder
[    0.445101] cpuidle: using governor menu
[    0.447077] PCCT header not found.
[    0.448205] ACPI: bus type PCI registered
[    0.449314] acpiphp: ACPI Hot Plug PCI Controller Driver version: 0.5
[    0.451172] PCI: Using configuration type 1 for base access
[    0.465095] ACPI: Added _OSI(Module Device)
[    0.466377] ACPI: Added _OSI(Processor Device)
[    0.467895] ACPI: Added _OSI(3.0 _SCP Extensions)
[    0.469211] ACPI: Added _OSI(Processor Aggregator Device)
[    0.471450] ACPI: Executed 1 blocks of module-level executable AML code
[    0.475287] ACPI: Interpreter enabled
[    0.476246] ACPI: (supports S0 S5)
[    0.477109] ACPI: Using IOAPIC for interrupt routing
[    0.478406] PCI: Using host bridge windows from ACPI; if necessary, use "pci=nocrs" and report a bug
[    0.485350] ACPI: PCI Root Bridge [PCI0] (domain 0000 [bus 00-ff])
[    0.487278] acpi PNP0A03:00: _OSC: OS supports [ASPM ClockPM Segments MSI]
[    0.489087] acpi PNP0A03:00: _OSC: not requesting OS control; OS requires [ExtendedConfig ASPM ClockPM MSI]
[    0.491298] acpi PNP0A03:00: fail to add MMCONFIG information, can't access extended PCI configuration space under this bridge.
[    0.494157] PCI host bridge to bus 0000:00
[    0.495119] pci_bus 0000:00: root bus resource [io  0x0000-0x0cf7 window]
[    0.496568] pci_bus 0000:00: root bus resource [io  0x0d00-0xffff window]
[    0.498029] pci_bus 0000:00: root bus resource [mem 0x000a0000-0x000bffff window]
[    0.500228] pci_bus 0000:00: root bus resource [mem 0x60000000-0xfdffffff window]
[    0.501944] pci_bus 0000:00: root bus resource [bus 00-ff]
[    0.505786] pci 0000:00:01.1: legacy IDE quirk: reg 0x10: [io  0x01f0-0x01f7]
[    0.507482] pci 0000:00:01.1: legacy IDE quirk: reg 0x14: [io  0x03f6]
[    0.508948] pci 0000:00:01.1: legacy IDE quirk: reg 0x18: [io  0x0170-0x0177]
[    0.510436] pci 0000:00:01.1: legacy IDE quirk: reg 0x1c: [io  0x0376]
[    0.536821] pci 0000:00:07.0: quirk: [io  0x4000-0x403f] claimed by PIIX4 ACPI
[    0.538875] pci 0000:00:07.0: quirk: [io  0x4100-0x410f] claimed by PIIX4 SMB
[    0.552691] ACPI: PCI Interrupt Link [LNKA] (IRQs 5 9 10 *11)
[    0.554655] ACPI: PCI Interrupt Link [LNKB] (IRQs 5 9 *10 11)
[    0.556421] ACPI: PCI Interrupt Link [LNKC] (IRQs 5 *9 10 11)
[    0.558036] ACPI: PCI Interrupt Link [LNKD] (IRQs 5 9 10 *11)
[    0.559937] ACPI: Enabled 2 GPEs in block 00 to 07
[    0.561462] vgaarb: setting as boot device: PCI:0000:00:02.0
[    0.562847] vgaarb: device added: PCI:0000:00:02.0,decodes=io+mem,owns=io+mem,locks=none
[    0.564707] vgaarb: loaded
[    0.565394] vgaarb: bridge control possible 0000:00:02.0
[    0.566766] SCSI subsystem initialized
[    0.567795] ACPI: bus type USB registered
[    0.568765] usbcore: registered new interface driver usbfs
[    0.569958] usbcore: registered new interface driver hub
[    0.571123] usbcore: registered new device driver usb
[    0.572438] PCI: Using ACPI for IRQ routing
[    0.573745] NetLabel: Initializing
[    0.574599] NetLabel:  domain hash size = 128
[    0.576159] NetLabel:  protocols = UNLABELED CIPSOv4
[    0.577590] NetLabel:  unlabeled traffic allowed by default
[    0.579327] amd_nb: Cannot enumerate AMD northbridges
[    0.580762] clocksource: Switched to clocksource kvm-clock
[    0.589196] AppArmor: AppArmor Filesystem Enabled
[    0.590628] pnp: PnP ACPI init
[    0.592556] pnp: PnP ACPI: found 3 devices
[    0.604019] clocksource: acpi_pm: mask: 0xffffff max_cycles: 0xffffff, max_idle_ns: 2085701024 ns
[    0.606328] NET: Registered protocol family 2
[    0.607818] TCP established hash table entries: 16384 (order: 5, 131072 bytes)
[    0.609562] TCP bind hash table entries: 16384 (order: 6, 262144 bytes)
[    0.611012] TCP: Hash tables configured (established 16384 bind 16384)
[    0.612408] UDP hash table entries: 1024 (order: 3, 32768 bytes)
[    0.613787] UDP-Lite hash table entries: 1024 (order: 3, 32768 bytes)
[    0.615260] NET: Registered protocol family 1
[    0.616262] pci 0000:00:00.0: Limiting direct PCI/PCI transfers
[    0.617590] pci 0000:00:01.0: Activating ISA DMA hang workarounds
[    0.619127] Unpacking initramfs...
[    0.807414] Freeing initrd memory: 14836K
[    0.809094] clocksource: tsc: mask: 0xffffffffffffffff max_cycles: 0x14109a24aaa, max_idle_ns: 440795250993 ns
[    0.811842] platform rtc_cmos: registered platform RTC device (no PNP device found)
[    0.814144] Scanning for low memory corruption every 60 seconds
[    0.815986] audit: initializing netlink subsys (disabled)
[    0.817238] audit: type=2000 audit(1572646762.165:1): initialized
[    0.818766] Initialise system trusted keyring
[    0.819958] HugeTLB registered 2 MB page size, pre-allocated 0 pages
[    0.822773] zbud: loaded
[    0.824056] VFS: Disk quotas dquot_6.6.0
[    0.825058] VFS: Dquot-cache hash table entries: 512 (order 0, 4096 bytes)
[    0.826694] squashfs: version 4.0 (2009/01/31) Phillip Lougher
[    0.828267] fuse init (API version 7.23)
[    0.829968] Key type big_key registered
[    0.831038] Allocating IMA MOK and blacklist keyrings.
[    0.833520] Key type asymmetric registered
[    0.834580] Asymmetric key parser 'x509' registered
[    0.835707] Block layer SCSI generic (bsg) driver version 0.4 loaded (major 249)
[    0.837477] io scheduler noop registered
[    0.838385] io scheduler deadline registered (default)
[    0.839530] io scheduler cfq registered
[    0.840596] pci_hotplug: PCI Hot Plug PCI Core version: 0.5
[    0.842197] pciehp: PCI Express Hot Plug Controller Driver version: 0.4
[    0.843956] ACPI: AC Adapter [AC] (on-line)
[    0.845239] input: Power Button as /devices/LNXSYSTM:00/LNXPWRBN:00/input/input0
[    0.847184] ACPI: Power Button [PWRF]
[    0.848119] input: Sleep Button as /devices/LNXSYSTM:00/LNXSLPBN:00/input/input1
[    0.849848] ACPI: Sleep Button [SLPF]
[    0.851819] ACPI: Battery Slot [BAT0] (battery present)
[    0.853070] GHES: HEST is not enabled!
[    0.854426] Serial: 8250/16550 driver, 32 ports, IRQ sharing enabled
[    0.876325] 00:02: ttyS0 at I/O 0xf8 (irq = 4, base_baud = 115200) is a 16550A
[    0.879382] Linux agpgart interface v0.103
[    0.883171] loop: module loaded
[    0.884532] scsi host0: ata_piix
[    0.885766] scsi host1: ata_piix
[    0.886597] ata1: PATA max UDMA/33 cmd 0x1f0 ctl 0x3f6 bmdma 0xd000 irq 14
[    0.888035] ata2: PATA max UDMA/33 cmd 0x170 ctl 0x376 bmdma 0xd008 irq 15
[    0.889591] libphy: Fixed MDIO Bus: probed
[    0.891039] tun: Universal TUN/TAP device driver, 1.6
[    0.892169] tun: (C) 1999-2004 Max Krasnyansky <maxk@qualcomm.com>
[    0.893591] PPP generic driver version 2.4.2
[    0.894667] ehci_hcd: USB 2.0 'Enhanced' Host Controller (EHCI) Driver
[    0.896053] ehci-pci: EHCI PCI platform driver
[    0.897063] ehci-platform: EHCI generic platform driver
[    0.898253] ohci_hcd: USB 1.1 'Open' Host Controller (OHCI) Driver
[    0.899567] ohci-pci: OHCI PCI platform driver
[    0.900568] ohci-platform: OHCI generic platform driver
[    0.901740] uhci_hcd: USB Universal Host Controller Interface driver
[    0.903124] i8042: PNP: PS/2 Controller [PNP0303:PS2K,PNP0f03:PS2M] at 0x60,0x64 irq 1,12
[    0.905575] serio: i8042 KBD port at 0x60,0x64 irq 1
[    0.906831] serio: i8042 AUX port at 0x60,0x64 irq 12
[    0.908036] mousedev: PS/2 mouse device common for all mice
[    0.909780] input: AT Translated Set 2 keyboard as /devices/platform/i8042/serio0/input/input2
[    0.912015] rtc_cmos rtc_cmos: rtc core: registered rtc_cmos as rtc0
[    0.913521] rtc_cmos rtc_cmos: alarms up to one day, 114 bytes nvram
[    0.914928] i2c /dev entries driver
[    0.915806] device-mapper: uevent: version 1.0.3
[    0.916911] device-mapper: ioctl: 4.34.0-ioctl (2015-10-28) initialised: dm-devel@redhat.com
[    0.918796] ledtrig-cpu: registered to indicate activity on CPUs
[    0.920460] NET: Registered protocol family 10
[    0.921672] NET: Registered protocol family 17
[    0.922688] Key type dns_resolver registered
[    0.923834] registered taskstats version 1
[    0.924802] Loading compiled-in X.509 certificates
[    0.926422] Loaded X.509 cert 'Build time autogenerated kernel key: 75bc1b51278a37d3abb49bab6b1b0161a6cc9ec0'
[    0.928987] zswap: loaded using pool lzo/zbud
[    0.931960] Key type trusted registered
[    0.935526] Key type encrypted registered
[    0.936462] AppArmor: AppArmor sha1 policy hashing enabled
[    0.937728] ima: No TPM chip found, activating TPM-bypass!
[    0.938995] ima: Allocated hash algorithm: sha1
[    0.940024] evm: HMAC attrs: 0x1
[    0.941393]   Magic number: 11:710:349
[    0.942705] rtc_cmos rtc_cmos: setting system clock to 2019-11-01 22:19:17 UTC (1572646757)
[    0.944872] BIOS EDD facility v0.16 2004-Jun-25, 0 devices found
[    0.946900] EDD information not available.
[    1.047992] Freeing unused kernel memory: 1488K
[    1.050836] Write protecting the kernel read-only data: 14336k
[    1.054485] Freeing unused kernel memory: 1604K
[    1.056381] Freeing unused kernel memory: 60K
Loading, please wait...
starting version 229
[    1.070134] random: systemd-udevd: uninitialized urandom read (16 bytes read, 3 bits of entropy available)
[    1.072499] random: systemd-udevd: uninitialized urandom read (16 bytes read, 3 bits of entropy available)
[    1.074791] random: systemd-udevd: uninitialized urandom read (16 bytes read, 3 bits of entropy available)
[    1.076974] random: systemd-udevd: uninitialized urandom read (16 bytes read, 3 bits of entropy available)
[    1.078176] random: udevadm: uninitialized urandom read (16 bytes read, 3 bits of entropy available)
[    1.078208] random: udevadm: uninitialized urandom read (16 bytes read, 3 bits of entropy available)
[    1.084147] random: systemd-udevd: uninitialized urandom read (16 bytes read, 3 bits of entropy available)
[    1.084691] random: udevadm: uninitialized urandom read (16 bytes read, 3 bits of entropy available)
[    1.084727] random: udevadm: uninitialized urandom read (16 bytes read, 3 bits of entropy available)
[    1.084880] random: udevadm: uninitialized urandom read (16 bytes read, 3 bits of entropy available)
[    1.118034] e1000: Intel(R) PRO/1000 Network Driver - version 7.3.21-k8-NAPI
[    1.119818] e1000: Copyright (c) 1999-2006 Intel Corporation.
[    1.121766] Fusion MPT base driver 3.04.20
[    1.122951] Copyright (c) 1999-2008 LSI Corporation
[    1.129949] Fusion MPT SPI Host driver 3.04.20
[    1.144349] AVX2 version of gcm_enc/dec engaged.
[    1.145999] AES CTR mode by8 optimization enabled
[    1.334152] input: ImExPS/2 Generic Explorer Mouse as /devices/platform/i8042/serio1/input/input4
[    1.527509] e1000 0000:00:03.0 eth0: (PCI:33MHz:32-bit) 02:95:cf:22:ea:76
[    1.529861] e1000 0000:00:03.0 eth0: Intel(R) PRO/1000 Network Connection
[    1.532332] mptbase: ioc0: Initiating bringup
[    1.597547] ioc0: LSI53C1030 A0: Capabilities={Initiator}
[    1.760691] scsi host2: ioc0: LSI53C1030 A0, FwRev=00000000h, Ports=1, MaxQ=256, IRQ=20
[    1.877553] scsi 2:0:0:0: Direct-Access     VBOX     HARDDISK         1.0  PQ: 0 ANSI: 5
[    1.881547] scsi target2:0:0: Beginning Domain Validation
[    1.884725] scsi target2:0:0: Domain Validation skipping write tests
[    1.886580] scsi target2:0:0: Ending Domain Validation
[    1.888010] scsi target2:0:0: asynchronous
[    1.889887] scsi 2:0:1:0: Direct-Access     VBOX     HARDDISK         1.0  PQ: 0 ANSI: 5
[    1.891790] scsi target2:0:1: Beginning Domain Validation
[    1.893798] scsi target2:0:1: Domain Validation skipping write tests
[    1.895201] scsi target2:0:1: Ending Domain Validation
[    1.896394] scsi target2:0:1: asynchronous
[    1.921644] sd 2:0:0:0: Attached scsi generic sg0 type 0
[    1.923295] sd 2:0:1:0: Attached scsi generic sg1 type 0
[    1.924692] sd 2:0:1:0: [sdb] 20480 512-byte logical blocks: (10.5 MB/10.0 MiB)
[    1.926687] sd 2:0:0:0: [sda] 20971520 512-byte logical blocks: (10.7 GB/10.0 GiB)
[    1.929369] sd 2:0:1:0: [sdb] Write Protect is off
[    1.930599] sd 2:0:0:0: [sda] Write Protect is off
[    1.931725] sd 2:0:1:0: [sdb] Incomplete mode parameter data
[    1.933159] sd 2:0:1:0: [sdb] Assuming drive cache: write through
[    1.934711] sd 2:0:0:0: [sda] Incomplete mode parameter data
[    1.935998] sd 2:0:0:0: [sda] Assuming drive cache: write through
[    1.939090]  sda: sda1
[    1.940033] sd 2:0:1:0: [sdb] Attached SCSI disk
[    1.941537] sd 2:0:0:0: [sda] Attached SCSI disk
[    2.269967] e1000 0000:00:08.0 eth1: (PCI:33MHz:32-bit) 08:00:27:a3:f7:89
[    2.271497] e1000 0000:00:08.0 eth1: Intel(R) PRO/1000 Network Connection
[    2.274037] e1000 0000:00:03.0 enp0s3: renamed from eth0
[    2.289076] e1000 0000:00:08.0 enp0s8: renamed from eth1
Begin: Loading essential drivers ... [    3.565423] md: linear personality registered for level -1
[    3.569225] md: multipath personality registered for level -4
[    3.572722] md: raid0 personality registered for level 0
[    3.576747] md: raid1 personality registered for level 1
[    3.649097] raid6: sse2x1   gen() 12580 MB/s
[    3.717032] raid6: sse2x1   xor()  9514 MB/s
[    3.784974] raid6: sse2x2   gen() 15479 MB/s
[    3.853325] raid6: sse2x2   xor() 11001 MB/s
[    3.920935] raid6: sse2x4   gen() 17719 MB/s
[    3.989032] raid6: sse2x4   xor() 11938 MB/s
[    4.057024] raid6: avx2x1   gen() 25562 MB/s
[    4.125015] raid6: avx2x2   gen() 28578 MB/s
[    4.193022] raid6: avx2x4   gen() 32085 MB/s
[    4.195134] raid6: using algorithm avx2x4 gen() 32085 MB/s
[    4.196362] raid6: using avx2x2 recovery algorithm
[    4.198862] xor: automatically using best checksumming function:
[    4.237027]    avx       : 26601.000 MB/sec
[    4.239829] async_tx: api initialized (async)
[    4.249358] md: raid6 personality registered for level 6
[    4.251011] md: raid5 personality registered for level 5
[    4.252150] md: raid4 personality registered for level 4
[    4.259567] md: raid10 personality registered for level 10
done.
Begin: Running /scripts/init-premount ... done.
Begin: Mounting root file system ... Begin: Running /scripts/local-top ... done.
Begin: Running /scripts/local-premount ... [    4.286359] Btrfs loaded
Scanning for Btrfs filesystems
done.
Warning: fsck not present, so skipping root file system
[    4.305274] EXT4-fs (sda1): mounted filesystem with ordered data mode. Opts: (null)
done.
Begin: Running /scripts/local-bottom ... done.
Begin: Running /scripts/init-bottom ... done.
[    4.363101] systemd[1]: systemd 229 running in system mode. (+PAM +AUDIT +SELINUX +IMA +APPARMOR +SMACK +SYSVINIT +UTMP +LIBCRYPTSETUP +GCRYPT +GNUTLS +ACL +XZ -LZ4 +SECCOMP +BLKID +ELFUTILS +KMOD -IDN)
[    4.367344] systemd[1]: Detected virtualization oracle.
[    4.368644] systemd[1]: Detected architecture x86-64.

Welcome to [1mUbuntu 16.04.6 LTS[0m!

[    4.377491] systemd[1]: Set hostname to <ubuntu>.
[    4.381960] systemd[1]: Initializing machine ID from random generator.
[    4.383495] systemd[1]: Installed transient /etc/machine-id file.
[    4.478120] systemd[1]: Listening on Syslog Socket.
[[0;32m  OK  [0m] Listening on Syslog Socket.
[    4.481138] systemd[1]: Reached target Swap.
[[0;32m  OK  [0m] Reached target Swap.
[    4.483374] systemd[1]: Listening on Journal Socket (/dev/log).
[[0;32m  OK  [0m] Listening on Journal Socket (/dev/log).
[    4.486635] systemd[1]: Listening on /dev/initctl Compatibility Named Pipe.
[[0;32m  OK  [0m] Listening on /dev/initctl Compatibility Named Pipe.
[    4.489818] systemd[1]: Listening on udev Control Socket.
[[0;32m  OK  [0m] Listening on udev Control Socket.
[    4.492555] systemd[1]: Listening on udev Kernel Socket.
[[0;32m  OK  [0m] Listening on udev Kernel Socket.
[    4.495339] systemd[1]: Started Trigger resolvconf update for networkd DNS.
[[0;32m  OK  [0m] Started Trigger resolvconf update for networkd DNS.
[    4.498379] systemd[1]: Reached target Encrypted Volumes.
[[0;32m  OK  [0m] Reached target Encrypted Volumes.
[    4.500776] systemd[1]: Listening on Journal Socket.
[[0;32m  OK  [0m] Listening on Journal Socket.
[    4.503073] systemd[1]: Listening on Device-mapper event daemon FIFOs.
[[0;32m  OK  [0m] Listening on Device-mapper event daemon FIFOs.
[    4.506043] systemd[1]: Reached target User and Group Name Lookups.
[[0;32m  OK  [0m] Reached target User and Group Name Lookups.
[    4.509182] systemd[1]: Started Forward Password Requests to Wall Directory Watch.
[[0;32m  OK  [0m] Started Forward Password Requests to Wall Directory Watch.
[    4.513334] systemd[1]: Created slice System Slice.
[[0;32m  OK  [0m] Created slice System Slice.
[    4.524927] systemd[1]: Mounting Debug File System...
         Mounting Debug File System...
[    4.528070] systemd[1]: Starting Remount Root and Kernel File Systems...
         Starting Remount Root and Kernel File Systems...
[    4.531242] systemd[1]: Starting Create list of required static device nodes for the current kernel...
[    4.532777] EXT4-fs (sda1): re-mounted. Opts: (null)
         Starting Create list of required st... nodes for the current kernel...
[    4.538305] systemd[1]: Starting Nameserver information manager...
         Starting Nameserver information manager...
[    4.542248] systemd[1]: Created slice system-serial\x2dgetty.slice.
[[0;32m  OK  [0m] Created slice system-serial\x2dgetty.slice.
[    4.565692] systemd[1]: Mounting POSIX Message Queue File System...
         Mounting POSIX Message Queue File System...
[    4.574273] systemd[1]: Starting Load Kernel Modules...
         Starting Load Kernel Modules...
[    4.584593] Loading iSCSI transport class v2.0-870.
[    4.588919] systemd[1]: Starting Set console keymap...
         Starting Set console keymap...
[    4.593455] systemd[1]: Listening on Journal Audit Socket.
[[0;32m  OK  [0m] Listening on Journal Audit Socket.
[    4.597110] systemd[1]: Starting Journal Service...
         Starting Journal Service...
[    4.600110] systemd[1]: Starting Uncomplicated firewall...
         Starting Uncomplicated firewall...
[    4.606166] iscsi: registered transport (tcp)
[    4.609466] systemd[1]: Reached target System Time Synchronized.
[[0;32m  OK  [0m] Reached target System Time Synchronized.
[    4.612075] systemd[1]: Listening on LVM2 metadata daemon socket.
[[0;32m  OK  [0m] Listening on LVM2 metadata daemon socket.
[    4.615373] systemd[1]: Starting Monitoring of LVM2 mirrors, snapshots etc. using dmeventd or progress polling...
         Starting Monitoring of LVM2 mirrors... dmeventd or progress polling...
[    4.619562] systemd[1]: Listening on LVM2 poll daemon socket.
[[0;32m  OK  [0m] Listening on LVM2 poll daemon socket.
[    4.629529] systemd[1]: Set up automount Arbitrary Executable File Formats File System Automount Point.
[[0;32m  OK  [0m] Set up automount Arbitrary Executab...ats File System Automount Point.
[    4.633608] systemd[1]: Created slice User and Session Slice.
[[0;32m  OK  [0m] Created slice User and Session Slice.
[    4.637038] systemd[1]: Reached target Slices.
[[0;32m  OK  [0m] Reached target Slices.
[    4.641156] systemd[1]: Mounting Huge Pages File System...
         Mounting Huge Pages File System...
[    4.644887] systemd[1]: Mounted POSIX Message Queue File System.
[[0;32m  OK  [0m] Mounted POSIX Message Queue File System.
[    4.648740] systemd[1]: Mounted Huge Pages File System.
[[0;32m  OK  [0m] Mounted Huge Pages File System.
[    4.653583] iscsi: registered transport (iser)
[    4.657197] systemd[1]: Mounted Debug File System.
[[0;32m  OK  [0m] Mounted Debug File System.
[    4.665323] systemd[1]: Started Journal Service.
[[0;32m  OK  [0m] Started Journal Service.
[[0;32m  OK  [0m] Started Remount Root and Kernel File Systems.
[[0;32m  OK  [0m] Started Create list of required sta...ce nodes for the current kernel.
[[0;32m  OK  [0m] Started Load Kernel Modules.
[[0;32m  OK  [0m] Started Set console keymap.
[[0;32m  OK  [0m] Started Uncomplicated firewall.
[[0;32m  OK  [0m] Started Nameserver information manager.
[[0;32m  OK  [0m] Started LVM2 metadata daemon.
         Mounting FUSE Control File System...
         Starting Apply Kernel Variables...
         Starting Create Static Device Nodes in /dev...
         Starting Load/Save Random Seed...
         Starting udev Coldplug all Devices...
         Starting Flush Journal to Persistent Storage...
[[0;32m  OK  [0m] Mounted FUSE Control File System.
[[0;32m  OK  [0m] Started Apply Kernel Variables.
[[0;32m  OK  [0m] Started Load/Save Random Seed.
[[0;32m  OK  [0m] Started Create Static Device Nodes in /dev.
[[0;32m  OK  [0m] Started Flush Journal to Persistent Storage.
         Starting udev Kernel Device Manager...
[[0;32m  OK  [0m] Started udev Coldplug all Devices.
[[0;32m  OK  [0m] Started udev Kernel Device Manager.
[[0;32m  OK  [0m] Started Dispatch Password Requests to Console Directory Watch.
[[0;32m  OK  [0m] Found device /dev/ttyS0.
[[0;32m  OK  [0m] Listening on Load/Save RF Kill Switch Status /dev/rfkill Watch.
[[0;32m  OK  [0m] Started Monitoring of LVM2 mirrors,...ng dmeventd or progress polling.
[[0;32m  OK  [0m] Reached target Local File Systems (Pre).
[[0;32m  OK  [0m] Reached target Local File Systems.
         Starting Commit a transient machine-id on disk...
         Starting LSB: AppArmor initialization...
         Starting Tell Plymouth To Write Out Runtime Data...
         Starting Create Volatile Files and Directories...
         Starting Set console font and keymap...
         Starting Initial cloud-init job (pre-networking)...
[[0;32m  OK  [0m] Started Tell Plymouth To Write Out Runtime Data.
[[0;32m  OK  [0m] Started Create Volatile Files and Directories.
         Starting Update UTMP about System Boot/Shutdown...
[[0;32m  OK  [0m] Started Commit a transient machine-id on disk.
[[0;32m  OK  [0m] Started Update UTMP about System Boot/Shutdown.
[[0;32m  OK  [0m] Started Set console font and keymap.
[[0;32m  OK  [0m] Created slice system-getty.slice.
[[0;32m  OK  [0m] Started LSB: AppArmor initialization.
[    5.937020] cloud-init[622]: Cloud-init v. 19.2-36-g059d049c-0ubuntu2~16.04.1 running 'init-local' at Fri, 01 Nov 2019 22:19:22 +0000. Up 5.71 seconds.
[[0;32m  OK  [0m] Started Initial cloud-init job (pre-networking).
[[0;32m  OK  [0m] Reached target Network (Pre).
         Starting Raise network interfaces...
[[0;32m  OK  [0m] Started Raise network interfaces.
[[0;32m  OK  [0m] Reached target Network.
         Starting Initial cloud-init job (metadata service crawler)...
[    6.884059] cloud-init[952]: Cloud-init v. 19.2-36-g059d049c-0ubuntu2~16.04.1 running 'init' at Fri, 01 Nov 2019 22:19:23 +0000. Up 6.39 seconds.
[    6.885441] cloud-init[952]: ci-info: ++++++++++++++++++++++++++++++++++++++Net device info+++++++++++++++++++++++++++++++++++++++
[    6.887329] cloud-init[952]: ci-info: +--------+-------+----------------------------+---------------+--------+-------------------+
[    6.889526] cloud-init[952]: ci-info: | Device |   Up  |          Address           |      Mask     | Scope  |     Hw-Address    |
[    6.891710] cloud-init[952]: ci-info: +--------+-------+----------------------------+---------------+--------+-------------------+
[    6.894130] cloud-init[952]: ci-info: | enp0s3 |  True |         10.0.2.15          | 255.255.255.0 | global | 02:95:cf:22:ea:76 |
[    6.896323] cloud-init[952]: ci-info: | enp0s3 |  True | fe80::95:cfff:fe22:ea76/64 |       .       |  link  | 02:95:cf:22:ea:76 |
[    6.898521] cloud-init[952]: ci-info: | enp0s8 | False |             .              |       .       |   .    | 08:00:27:a3:f7:89 |
[    6.900733] cloud-init[952]: ci-info: |   lo   |  True |         127.0.0.1          |   255.0.0.0   |  host  |         .         |
[    6.902933] cloud-init[952]: ci-info: |   lo   |  True |          ::1/128           |       .       |  host  |         .         |
[    6.905087] cloud-init[952]: ci-info: +--------+-------+----------------------------+---------------+--------+-------------------+
[    6.907293] cloud-init[952]: ci-info: +++++++++++++++++++++++++++Route IPv4 info++++++++++++++++++++++++++++
[    6.909198] cloud-init[952]: ci-info: +-------+-------------+----------+---------------+-----------+-------+
[    6.911111] cloud-init[952]: ci-info: | Route | Destination | Gateway  |    Genmask    | Interface | Flags |
[    6.913030] cloud-init[952]: ci-info: +-------+-------------+----------+---------------+-----------+-------+
[    6.914934] cloud-init[952]: ci-info: |   0   |   0.0.0.0   | 10.0.2.2 |    0.0.0.0    |   enp0s3  |   UG  |
[    6.916831] cloud-init[952]: ci-info: |   1   |   10.0.2.0  | 0.0.0.0  | 255.255.255.0 |   enp0s3  |   U   |
[    6.928847] cloud-init[952]: ci-info: +-------+-------------+----------+---------------+-----------+-------+
[    6.930357] cloud-init[952]: ci-info: +++++++++++++++++++Route IPv6 info+++++++++++++++++++
[    6.931771] cloud-init[952]: ci-info: +-------+-------------+---------+-----------+-------+
[    6.933526] cloud-init[952]: ci-info: | Route | Destination | Gateway | Interface | Flags |
[    6.935222] cloud-init[952]: ci-info: +-------+-------------+---------+-----------+-------+
[    6.936944] cloud-init[952]: ci-info: |   0   |  fe80::/64  |    ::   |   enp0s3  |   U   |
[    6.938660] cloud-init[952]: ci-info: |   3   |   ff00::/8  |    ::   |   enp0s3  |   U   |
[    6.940365] cloud-init[952]: ci-info: +-------+-------------+---------+-----------+-------+
[    6.942041] cloud-init[952]: Generating public/private rsa key pair.
[    6.943417] cloud-init[952]: Your identification has been saved in /etc/ssh/ssh_host_rsa_key.
[    6.945043] cloud-init[952]: Your public key has been saved in /etc/ssh/ssh_host_rsa_key.pub.
[    6.946793] cloud-init[952]: The key fingerprint is:
[    6.947961] cloud-init[952]: SHA256:9stWb2/buGZlycYDO3lAiFmDGlslml60jFd53sVrKyY root@ubuntu-xenial
[    6.949789] cloud-init[952]: The key's randomart image is:
[    6.951019] cloud-init[952]: +---[RSA 2048]----+
[    6.952543] cloud-init[952]: |         o*=o  . |
[    6.953722] cloud-init[952]: |       .*=+o.o  o|
[    6.954589] cloud-init[952]: |       +==  + . o|
[    6.955524] cloud-init[952]: |      .oo    + + |
[    6.956577] cloud-init[952]: |       .S     O o|
[    6.957751] cloud-init[952]: |       . . E.* Oo|
[    6.958925] cloud-init[952]: |          ..o.=o.|
[    6.960176] cloud-init[952]: |         ...  =.o|
[    6.961342] cloud-init[952]: |         .o  +o=+|
[    6.962509] cloud-init[952]: +----[SHA256]-----+
[    6.963702] cloud-init[952]: Generating public/private dsa key pair.
[    6.965151] cloud-init[952]: Your identification has been saved in /etc/ssh/ssh_host_dsa_key.
[    6.966964] cloud-init[952]: Your public key has been saved in /etc/ssh/ssh_host_dsa_key.pub.
[    6.968790] cloud-init[952]: The key fingerprint is:
[    6.970049] cloud-init[952]: SHA256:E4gqU3cwvA6RdvbRdcdIydfbSW6I5tPmX2Ntx76NhFY root@ubuntu-xenial
[    6.971926] cloud-init[952]: The key's randomart image is:
[    6.973295] cloud-init[952]: +---[DSA 1024]----+
[    6.974449] cloud-init[952]: |   oo  . ..oo+.. |
[    6.984804] cloud-init[952]: |  + ++...  .+.o..|
[    6.986107] cloud-init[952]: | ..+ooo..   ..+ +|
[    6.996875] [cloud-init[0;32m  OK  [0m[952]: ] | ..o...  . o . =.|Started Initial cloud-init job (metadata service crawler).

[    6.997599] cloud-init[952]: |o .o    S o . E  |[[0;32m  OK  [0m] Reached target Network is Online.

[    7.000683] cloud-init[952]: | o  .    . o = ..|
[    7.002307] cloud-init[952]: |            * .o*|
[    7.003502] cloud-init[952]: |           . o.+=|
[    7.004812] cloud-init[952]: |              oo+|
[    7.006004] cloud-init[952]: +----[SHA256]-----+
[    7.007196] cloud-init[952]: Generating public/private ecdsa key pair.
[    7.008954] cloud-init         [952]: Starting iSCSI initiator daemon (iscsid)...Your identification has been saved in /etc/ssh/ssh_host_ecdsa_key.

[    7.010986] [cloud-init[0;32m  OK  [0m[952]: ] Your public key has been saved in /etc/ssh/ssh_host_ecdsa_key.pub.Reached target System Initialization.

[[0;32m  OK  [0m] Listening on D-Bus System Message Bus Socket.
[[0;32m  OK  [0m] Started Daily Cleanup of Temporary Directories.
[    7.011585] cloud-init[952]: The key fingerprint is:
[    7.032951] [[0;32m  OK  [0m] Listening on ACPID Listen Socket.
cloud-init[952]: SHA256:RQL7H+F45iYwDue42UsCklBfeP8mQ/CmaEk6vmkzLfc root@ubuntu-xenial
[    7.041288] [[0;32m  OK  [0m] Started Message of the Day.
cloud-init[952]: The key's randomart image is:
[[0;32m  OK  [0m] Listening on UUID daemon activation socket.
[    7.043695] cloud-init[952]: +---[ECDSA 256]---+
[    7.046884]          Starting LXD - unix socket.
         Starting Socket activation for snappy daemon.
[[0;32m  OK  [0m] Started Daily apt download activities.
[[0;32m  OK  [0m] Started Daily apt upgrade and clean activities.
cloud-init[952]: |  .  .o.. .      |
[    7.053119] [cloud-init[0;32m  OK  [0m[952]: ] | . ...o. o       |Started ACPI Events Check.

[[0;32m  OK  [0m] Reached target Paths.
[    7.053573] cloud-init[952]: |.   ...+  o      |
[    7.072712] [cloud-init[0;32m  OK  [0m[952]: ] |..  .  .=+ .     |Reached target Timers.

[[0;32m  OK  [0m] Reached target Cloud-config availability.
[    7.073351] cloud-init[952]: |o .o.o++S.=      |
[    7.083021] cloud-init[952]: | .o.+*.oo=o.     |
[    7.089100] cloud-init[952]: | . +o + .++      |
[    7.096457] [cloud-init[0;32m  OK  [0m[952]: ] |  *.o*   o       |Listening on LXD - unix socket.

[[0;32m  OK  [0m] Listening on Socket activation for snappy daemon.
[    7.096927] cloud-init[952]: | .o*o.E.         |
[[0;32m  OK  [0m] Started iSCSI initiator daemon (iscsid).
[    7.099872] cloud-init[952]: +----[SHA256]-----+
[    7.108243]          cloud-initStarting Login to default iSCSI targets...[952]: 
Generating public/private ed25519 key pair.
[    7.109494] [cloud-init[0;32m  OK  [0m[952]: ] Your identification has been saved in /etc/ssh/ssh_host_ed25519_key.Reached target Sockets.

[[0;32m  OK  [0m] Reached target Basic System.
[    7.110606] cloud-init[952]: Your public key has been saved in /etc/ssh/ssh_host_ed25519_key.pub.
[    7.122661] cloud-init[952]: The key fingerprint is:
[    7.129016] cloud-init[952]: SHA256:9b5EgY6aqb33RYJkUeXK0FJF0oICUdwaJf0aFNuXDEE root@ubuntu-xenial
[    7.136487] [[0;32m  OK  [0m] Started FUSE filesystem for LXC.
cloud-init[952]: The key's randomart image is:
[    7.139135]          Starting LSB: MD monitoring daemon...
         Starting Login Service...
cloud-init         Starting Pollinate to seed the pseudo random number generator...
[[0;32m  OK  [0m] Started Deferred execution scheduler.
[[0;32m  OK  [0m] Started Regular background program processing daemon.
[[0;32m  OK  [0m] Started ACPI event daemon.
[952]: +--[ED25519 256]--+
         Starting LXD - container startup/shutdown...
[    7.163254] cloud-init[952]: |    o=o++=E*+    |
[    7.165577]          Starting LSB: Record successful boot for GRUB...
         Starting Virtualbox guest utils...
cloud-init[952]: |      +.=*.*..   |
         Starting Snappy daemon...
[    7.170797] [[0;32m  OK  [0m] Started D-Bus System Message Bus.
cloud-init[952]: |       =*.=.*    |
[    7.173931] cloud-init[952]: |      .o.O.+ .   |
[    7.178341] cloud-init[952]: |        So= +    |
[    7.184903] cloud-init[952]: |       +.  =     |
[    7.188161] cloud-init[952]: |      +     +    |
         Starting Accounts Service...
[    7.195571]          Starting System Logging Service...
cloud-init         Starting /etc/rc.local Compatibility...
[952]: |     o  .  o .   |
[    7.207024] cloud-init[952]: |    . oo .. .    |
[    7.208031] cloud-init[952]: +----[SHA256]-----+
[[0;32m  OK  [0m] Started /etc/rc.local Compatibility.
[[0;32m  OK  [0m] Started LSB: MD monitoring daemon.
[[0;32m  OK  [0m] Started Login to default iSCSI targets.
[[0;32m  OK  [0m] Started System Logging Service.
[[0;32m  OK  [0m] Started LXD - container startup/shutdown.
[[0;32m  OK  [0m] Started LSB: Record successful boot for GRUB.
[[0;32m  OK  [0m] Started Login Service.
[[0;32m  OK  [0m] Started Unattended Upgrades Shutdown.
         Starting Authenticate and Authorize Users to Run Privileged Tasks...
[[0;32m  OK  [0m] Reached target Remote File Systems (Pre).
[[0;32m  OK  [0m] Reached target Remote File Systems.
         Starting LSB: automatic crash report generation...
         Starting LSB: daemon to balance interrupts for SMP systems...
         Starting LSB: Set the CPU Frequency Scaling governor to "ondemand"...
         Starting Permit User Sessions...
[[0;32m  OK  [0m] Started Virtualbox guest utils.
[[0;32m  OK  [0m] Started Permit User Sessions.
         Starting Hold until boot process finishes up...
         Starting Terminate Plymouth Boot Screen...
[[0;32m  OK  [0m] Started LSB: automatic crash report generation.
[[0;32m  OK  [0m] Started LSB: Set the CPU Frequency Scaling governor to "ondemand".
[[0;32m  OK  [0m] Started Authenticate and Authorize Users to Run Privileged Tasks.
[[0;32m  OK  [0m] Started Hold until boot process finishes up.
[[0;32m  OK  [0m] Started Accounts Service.
[[0;32m  OK  [0m] Started Terminate Plymouth Boot Screen.
         Starting Set console scheme...
[[0;32m  OK  [0m] Started Serial Getty on ttyS0.
[[0;32m  OK  [0m] Started Getty on tty1.
[[0;32m  OK  [0m] Reached target Login Prompts.
[[0;32m  OK  [0m] Started LSB: daemon to balance interrupts for SMP systems.
[[0;32m  OK  [0m] Started Set console scheme.
[[0;32m  OK  [0m] Started Snappy daemon.
         Starting Wait until snapd is fully seeded...
[[0;32m  OK  [0m] Started Pollinate to seed the pseudo random number generator.
         Starting OpenBSD Secure Shell server...
[[0;32m  OK  [0m] Started OpenBSD Secure Shell server.
[[0;32m  OK  [0m] Started Wait until snapd is fully seeded.
         Starting Apply the settings specified in cloud-config...
[[0;32m  OK  [0m] Reached target Multi-User System.
[[0;32m  OK  [0m] Reached target Graphical Interface.
         Starting Update UTMP about System Runlevel Changes...
[[0;32m  OK  [0m] Started Update UTMP about System Runlevel Changes.
[[0;32m  OK  [0m] Created slice User Slice of vagrant.
         Starting User Manager for UID 1000...
[[0;32m  OK  [0m] Started Session 1 of user vagrant.
[[0;32m  OK  [0m] Started User Manager for UID 1000.
[   12.535583] cloud-init[1309]: Generating locales (this might take a while)...
[   13.242930] cloud-init[1309]:   en_US.UTF-8... done
[   13.243408] cloud-init[1309]: Generation complete.

Ubuntu 16.04.6 LTS ubuntu-xenial ttyS0

ubuntu-xenial login: [   13.494430] cloud-init[1309]: Cloud-init v. 19.2-36-g059d049c-0ubuntu2~16.04.1 running 'modules:config' at Fri, 01 Nov 2019 22:19:29 +0000. Up 12.42 seconds.
ci-info: no authorized ssh keys fingerprints found for user ubuntu.
<14>Nov  1 22:19:30 ec2: 
<14>Nov  1 22:19:30 ec2: #############################################################
<14>Nov  1 22:19:30 ec2: -----BEGIN SSH HOST KEY FINGERPRINTS-----
<14>Nov  1 22:19:30 ec2: 1024 SHA256:E4gqU3cwvA6RdvbRdcdIydfbSW6I5tPmX2Ntx76NhFY root@ubuntu-xenial (DSA)
<14>Nov  1 22:19:30 ec2: 256 SHA256:RQL7H+F45iYwDue42UsCklBfeP8mQ/CmaEk6vmkzLfc root@ubuntu-xenial (ECDSA)
<14>Nov  1 22:19:30 ec2: 256 SHA256:9b5EgY6aqb33RYJkUeXK0FJF0oICUdwaJf0aFNuXDEE root@ubuntu-xenial (ED25519)
<14>Nov  1 22:19:30 ec2: 2048 SHA256:9stWb2/buGZlycYDO3lAiFmDGlslml60jFd53sVrKyY root@ubuntu-xenial (RSA)
<14>Nov  1 22:19:30 ec2: -----END SSH HOST KEY FINGERPRINTS-----
<14>Nov  1 22:19:30 ec2: #############################################################
-----BEGIN SSH HOST KEY KEYS-----
ecdsa-sha2-nistp256 AAAAE2VjZHNhLXNoYTItbmlzdHAyNTYAAAAIbmlzdHAyNTYAAABBBAt0pgqrRLUeZT2uR0NKBHaR7dWsjBP8A3j3+Om1txGJXePuggsH//Q57K+2KPiuFsFhXEjkRm+yo0NB81X2uAo= root@ubuntu-xenial
ssh-ed25519 AAAAC3NzaC1lZDI1NTE5AAAAIO18y6t1CiuZRH53rEw9slyqVR4iXLp0g7MVQbXuPKj3 root@ubuntu-xenial
ssh-rsa AAAAB3NzaC1yc2EAAAADAQABAAABAQCXHIe/Iu1RsvaaveE4u7batUqVmb7PD6nXHW2t3QmTNDCITZEKFws7sKxziJxznNawRw1NqtAVVMJBDOw64IUQslWyMzPoOU0gERkLbkszeyuy7RwdVv1+vp+z8yGJ+QcQjW77nH/Fh+91AZHaRzH7fhhsgRRSPlfYXYD/WOrO9dghv4I8+dcKGcKp+e9di+NE31yUsANat9+zo4CeBNgxsxWeMHU6gGdzTq4puND1XWKSf0n+EhXGzCSiDyHSwlFuK4xQxy0wR0aAuLqoI0ks09WtDNzVvhwRzcqJXxLuJCyIe1EZixD3iMIjxGYoweYCPBNShys4/XsOvcw+xVkN root@ubuntu-xenial
-----END SSH HOST KEY KEYS-----
[   13.902715] cloud-init[1521]: Cloud-init v. 19.2-36-g059d049c-0ubuntu2~16.04.1 running 'modules:final' at Fri, 01 Nov 2019 22:19:30 +0000. Up 13.75 seconds.
[   13.904027] cloud-init[1521]: ci-info: no authorized ssh keys fingerprints found for user ubuntu.
[   13.905006] cloud-init[1521]: Cloud-init v. 19.2-36-g059d049c-0ubuntu2~16.04.1 finished at Fri, 01 Nov 2019 22:19:30 +0000. Datasource DataSourceNoCloud [seed=/dev/sdb][dsmode=net].  Up 13.89 seconds
